app/build/intermediates/manifest_merge_blame_file/debug/manifest-merger-blame-debug-report.txt
1<?xml version="1.0" encoding="utf-8"?>
2<manifest xmlns:android="http://schemas.android.com/apk/res/android"
3    package="com.example.andrei.physics"
4    android:versionCode="1"
5    android:versionName="1.0" >
6
7    <uses-sdk
8        android:minSdkVersion="21"
8-->src/main/AndroidManifest.xml
9        android:targetSdkVersion="24" />
9-->src/main/AndroidManifest.xml
10
11    <uses-permission android:name="android.permission.READ_EXTERNAL_STORAGE" />
11-->src/main/AndroidManifest.xml:5:5-80
11-->src/main/AndroidManifest.xml:5:22-77
12    <uses-permission android:name="android.permission.WRITE_EXTERNAL_STORAGE" />
12-->src/main/AndroidManifest.xml:6:5-81
12-->src/main/AndroidManifest.xml:6:22-78
13
14    <application
14-->src/main/AndroidManifest.xml:8:5-32:19
15        android:allowBackup="true"
15-->src/main/AndroidManifest.xml:9:9-35
16        android:debuggable="true"
17        android:icon="@mipmap/ic_launcher"
17-->src/main/AndroidManifest.xml:10:9-43
18        android:label="Ne jucăm și invățăm fizica"
18-->src/main/AndroidManifest.xml:11:9-51
19        android:supportsRtl="true"
19-->src/main/AndroidManifest.xml:12:9-35
20        android:theme="@style/AppTheme" >
20-->src/main/AndroidManifest.xml:13:9-40
21        <activity
21-->src/main/AndroidManifest.xml:14:9-16:52
22            android:name="com.example.andrei.physics.Clasa"
22-->src/main/AndroidManifest.xml:15:13-60
23            android:screenOrientation="portrait" />
23-->src/main/AndroidManifest.xml:16:13-49
24        <activity
24-->src/main/AndroidManifest.xml:17:9-19:52
25            android:name="com.example.andrei.physics.Clasa6"
25-->src/main/AndroidManifest.xml:18:13-61
26            android:screenOrientation="portrait" />
26-->src/main/AndroidManifest.xml:19:13-49
27        <activity
27-->src/main/AndroidManifest.xml:20:9-28:20
28            android:name="com.example.andrei.physics.PaginaPrincipala"
28-->src/main/AndroidManifest.xml:21:13-71
29            android:screenOrientation="portrait" >
29-->src/main/AndroidManifest.xml:22:13-49
30            <intent-filter>
30-->src/main/AndroidManifest.xml:23:13-27:29
31                <action android:name="android.intent.action.MAIN" />
31-->src/main/AndroidManifest.xml:24:17-69
31-->src/main/AndroidManifest.xml:24:25-66
32
33                <category android:name="android.intent.category.LAUNCHER" />
33-->src/main/AndroidManifest.xml:26:17-77
33-->src/main/AndroidManifest.xml:26:27-74
34            </intent-filter>
35        </activity>
36        <activity android:name="com.example.andrei.physics.PaginaFinala" />
36-->src/main/AndroidManifest.xml:29:9-76
36-->src/main/AndroidManifest.xml:29:19-73
37        <activity android:name="com.example.andrei.physics.Scoruri" />
37-->src/main/AndroidManifest.xml:30:9-71
37-->src/main/AndroidManifest.xml:30:19-68
38        <activity android:name="com.example.andrei.physics.Help" />
38-->src/main/AndroidManifest.xml:31:9-77
38-->src/main/AndroidManifest.xml:31:19-65
39    </application>
40
41</manifest>